Update Managed Component C1 From CMP-2006-03713-1[C0603C105K3RACTU] To CMP-2006-03713-1[C0603C105K3RACTU] in Audio.SchDoc
Update Managed Component C2 From CMP-2006-03713-1[C0603C105K3RACTU] To CMP-2006-03713-1[C0603C105K3RACTU] in Audio.SchDoc
Update Managed Component C3 From CMP-2007-03243-2[C0805C106K8PACTU] To CMP-2007-03243-2[C0805C106K8PACTU] in Audio.SchDoc
Update Managed Component C4 From CMP-2007-03243-2[C0805C106K8PACTU] To CMP-2007-03243-2[C0805C106K8PACTU] in Audio.SchDoc
Update Managed Component C5 From CMP-2008-04254-2[GRM1555C1H102JA01D] To CMP-2008-04254-2[GRM1555C1H102JA01D] in Audio.SchDoc
Update Managed Component C6 From CMP-2006-03713-1[C0603C105K3RACTU] To CMP-2006-03713-1[C0603C105K3RACTU] in Audio.SchDoc
Update Managed Component C7 From CMP-2008-02081-2[C0402C105K8PACTU] To CMP-2008-02081-2[C0402C105K8PACTU] in Audio.SchDoc
Update Managed Component C8 From CMP-2008-02081-2[C0402C105K8PACTU] To CMP-2008-02081-2[C0402C105K8PACTU] in Audio.SchDoc
Update Managed Component C9 From CMP-2008-02081-2[C0402C105K8PACTU] To CMP-2008-02081-2[C0402C105K8PACTU] in Audio.SchDoc
Update Managed Component C10 From CMP-2008-02081-2[C0402C105K8PACTU] To CMP-2008-02081-2[C0402C105K8PACTU] in Audio.SchDoc
Update Managed Component C11 From CMP-2008-02081-2[C0402C105K8PACTU] To CMP-2008-02081-2[C0402C105K8PACTU] in Audio.SchDoc
Update Managed Component C21 From CMP-2100-03641-2[GRM155R71C104KA88D] To CMP-2100-03641-2[GRM155R71C104KA88D] in Audio.SchDoc
Update Managed Component C22 From CMP-2006-02860-2[GRM188R71C474KA88D] To CMP-2006-02860-2[GRM188R71C474KA88D] in Audio.SchDoc
Update Managed Component FB1 From CMP-0220-00149-3[742792097] To CMP-0220-00149-3[742792097] in Audio.SchDoc
Update Managed Component FB2 From CMP-0220-00149-3[742792097] To CMP-0220-00149-3[742792097] in Audio.SchDoc
Update Managed Component FB3 From CMP-0220-00149-3[742792097] To CMP-0220-00149-3[742792097] in Audio.SchDoc
Update Managed Component FB4 From CMP-0220-00149-3[742792097] To CMP-0220-00149-3[742792097] in Audio.SchDoc
Replace Part J1 2-PIN HEADER in D:\! University of Victoria\Y2\ECE299\PROJECT\ECE299_PCB\Audio.SchDoc with 2-PIN HEADER from ECE299_PCB.SCHLIB
Replace Part J2 2-PIN HEADER in D:\! University of Victoria\Y2\ECE299\PROJECT\ECE299_PCB\Audio.SchDoc with 2-PIN HEADER from ECE299_PCB.SCHLIB
Replace Part J3 5-PIN HEADER in D:\! University of Victoria\Y2\ECE299\PROJECT\ECE299_PCB\Audio.SchDoc with 5-PIN HEADER from ECE299_PCB.SCHLIB
Replace Part J8 CONSMA001-SMD-G-T in D:\! University of Victoria\Y2\ECE299\PROJECT\ECE299_PCB\Audio.SchDoc with CONSMA001-SMD-G-T from TTC_PCBEvalBoard.IntLib
Replace Part J9 2-PIN HEADER in D:\! University of Victoria\Y2\ECE299\PROJECT\ECE299_PCB\Audio.SchDoc with 2-PIN HEADER from ECE299_PCB.SCHLIB
Replace Part L1 INDUCTOR_THT in D:\! University of Victoria\Y2\ECE299\PROJECT\ECE299_PCB\Audio.SchDoc with INDUCTOR_THT from ECE299_PCB.SCHLIB
Replace Part L2 INDUCTOR_THT in D:\! University of Victoria\Y2\ECE299\PROJECT\ECE299_PCB\Audio.SchDoc with INDUCTOR_THT from ECE299_PCB.SCHLIB
Update Managed Component Q1 From CMP-2000-06173-2[DMG6601LVT-7] To CMP-2000-06173-2[DMG6601LVT-7] in Audio.SchDoc
Update Managed Component Q1 From CMP-2000-06173-2[DMG6601LVT-7] To CMP-2000-06173-2[DMG6601LVT-7] in Audio.SchDoc
Update Managed Component Q2 From CMP-2000-06173-2[DMG6601LVT-7] To CMP-2000-06173-2[DMG6601LVT-7] in Audio.SchDoc
Update Managed Component Q2 From CMP-2000-06173-2[DMG6601LVT-7] To CMP-2000-06173-2[DMG6601LVT-7] in Audio.SchDoc
Update Managed Component Q7 From CMP-2000-05563-2[2N7002DW-7-F] To CMP-2000-05563-2[2N7002DW-7-F] in Audio.SchDoc
Update Managed Component Q7 From CMP-2000-05563-2[2N7002DW-7-F] To CMP-2000-05563-2[2N7002DW-7-F] in Audio.SchDoc
Update Managed Component R1 From CMP-2002-07358-2[RC0402FR-0710RL] To CMP-2002-07358-2[RC0402FR-0710RL] in Audio.SchDoc
Update Managed Component R2 From CMP-2002-07358-2[RC0402FR-0710RL] To CMP-2002-07358-2[RC0402FR-0710RL] in Audio.SchDoc
Update Managed Component R3 From CMP-2002-01790-3[AC0402FR-0710KL] To CMP-2002-01790-3[AC0402FR-0710KL] in Audio.SchDoc
Update Managed Component R5 From CMP-2002-07358-2[RC0402FR-0710RL] To CMP-2002-07358-2[RC0402FR-0710RL] in Audio.SchDoc
Update Managed Component R6 From CMP-2002-01790-3[AC0402FR-0710KL] To CMP-2002-01790-3[AC0402FR-0710KL] in Audio.SchDoc
Update Managed Component R7 From CMP-2100-03664-2[RC0603FR-0710KL] To CMP-2100-03664-2[RC0603FR-0710KL] in Audio.SchDoc
Update Managed Component R8 From CMP-2000-03573-1[CRCW060375R0FKEA] To CMP-2000-03573-1[CRCW060375R0FKEA] in Audio.SchDoc
Update Managed Component R9 From CMP-2000-03573-1[CRCW060375R0FKEA] To CMP-2000-03573-1[CRCW060375R0FKEA] in Audio.SchDoc
Replace Part R10 CMP-2002-07915-3 in D:\! University of Victoria\Y2\ECE299\PROJECT\ECE299_PCB\Audio.SchDoc with CMP-2002-07915-3 from ECE299_PCB.SCHLIB
Update Managed Component R11 From CMP-2100-03664-2[RC0603FR-0710KL] To CMP-2100-03664-2[RC0603FR-0710KL] in Audio.SchDoc
Update Managed Component R12 From CMP-2100-03664-2[RC0603FR-0710KL] To CMP-2100-03664-2[RC0603FR-0710KL] in Audio.SchDoc
Update Managed Component R13 From CMP-2000-03573-1[CRCW060375R0FKEA] To CMP-2000-03573-1[CRCW060375R0FKEA] in Audio.SchDoc
Update Managed Component R14 From CMP-2000-03573-1[CRCW060375R0FKEA] To CMP-2000-03573-1[CRCW060375R0FKEA] in Audio.SchDoc
Update Managed Component R15 From CMP-2100-03664-2[RC0603FR-0710KL] To CMP-2100-03664-2[RC0603FR-0710KL] in Audio.SchDoc
Replace Part R22 CMP-2002-07915-3 in D:\! University of Victoria\Y2\ECE299\PROJECT\ECE299_PCB\Audio.SchDoc with CMP-2002-07915-3 from ECE299_PCB.SCHLIB
Replace Part R27 CMP-2002-07915-3 in D:\! University of Victoria\Y2\ECE299\PROJECT\ECE299_PCB\Audio.SchDoc with CMP-2002-07915-3 from ECE299_PCB.SCHLIB
Replace Part R28 CMP-2002-07915-3 in D:\! University of Victoria\Y2\ECE299\PROJECT\ECE299_PCB\Audio.SchDoc with CMP-2002-07915-3 from ECE299_PCB.SCHLIB
Replace Part R32 CMP-2002-07915-3 in D:\! University of Victoria\Y2\ECE299\PROJECT\ECE299_PCB\Audio.SchDoc with CMP-2002-07915-3 from ECE299_PCB.SCHLIB
Replace Part RV1 PV36W103C01B00 in D:\! University of Victoria\Y2\ECE299\PROJECT\ECE299_PCB\Audio.SchDoc with PV36W103C01B00 from ECE299_PCB.SCHLIB
Replace Part RV2 PV36W103C01B00 in D:\! University of Victoria\Y2\ECE299\PROJECT\ECE299_PCB\Audio.SchDoc with PV36W103C01B00 from ECE299_PCB.SCHLIB
Replace Part RV3 PV36W103C01B00 in D:\! University of Victoria\Y2\ECE299\PROJECT\ECE299_PCB\Audio.SchDoc with PV36W103C01B00 from ECE299_PCB.SCHLIB
Replace Part RV4 PV36W103C01B00 in D:\! University of Victoria\Y2\ECE299\PROJECT\ECE299_PCB\Audio.SchDoc with PV36W103C01B00 from ECE299_PCB.SCHLIB
Replace Part U1 SI4732-A10-GS in D:\! University of Victoria\Y2\ECE299\PROJECT\ECE299_PCB\Audio.SchDoc with SI4732-A10-GS from ECE299_PCB.SCHLIB
Replace Part U2 PAM8406DR in D:\! University of Victoria\Y2\ECE299\PROJECT\ECE299_PCB\Audio.SchDoc with PAM8406DR from ECE299_PCB.SCHLIB
Update Managed Component U3 From CMP-0015-00074-2[NE5532DR] To CMP-0015-00074-2[NE5532DR] in Audio.SchDoc
Update Managed Component U3 From CMP-0015-00074-2[NE5532DR] To CMP-0015-00074-2[NE5532DR] in Audio.SchDoc
Update Managed Component U6 From CMP-0015-00074-2[NE5532DR] To CMP-0015-00074-2[NE5532DR] in Audio.SchDoc
Update Managed Component U6 From CMP-0015-00074-2[NE5532DR] To CMP-0015-00074-2[NE5532DR] in Audio.SchDoc
