Replace Part 1 PHOTORESISTOR GENERIC in D:\! University of Victoria\Y2\ECE299\PROJECT\ECE299_PCB\IO.SchDoc with PHOTORESISTOR GENERIC from ECE299_PCB.SCHLIB
Update Managed Component C13 From CMP-2000-05002-2[0.1uF] To CMP-2000-05002-2[CC0603KRX7R7BB104] in IO.SchDoc
Update Managed Component C14 From CMP-2000-05002-2[0.1uF] To CMP-2000-05002-2[CC0603KRX7R7BB104] in IO.SchDoc
Update Managed Component C15 From CMP-2000-05002-2[0.1uF] To CMP-2000-05002-2[CC0603KRX7R7BB104] in IO.SchDoc
Update Managed Component Q3 From CMP-02533-000001-1[TEMT1020] To CMP-02533-000001-1[TEMT1020] in IO.SchDoc
Update Managed Component Q4 From CMP-02533-000001-1[TEMT1020] To CMP-02533-000001-1[TEMT1020] in IO.SchDoc
Update Managed Component Q5 From CMP-00572-10406399-1[2SC2618RCTL-E] To CMP-00572-10406399-1[2SC2618RCTL-E] in IO.SchDoc
Update Managed Component Q6 From CMP-00572-10406399-1[2SC2618RCTL-E] To CMP-00572-10406399-1[2SC2618RCTL-E] in IO.SchDoc
Update Managed Component R17 From CMP-1666-00005-4[10K] To CMP-1666-00005-4[CRCW060310K0FKEA] in IO.SchDoc
Update Managed Component R18 From CMP-1666-00005-4[10K] To CMP-1666-00005-4[CRCW060310K0FKEA] in IO.SchDoc
Update Managed Component R19 From CMP-1666-00005-4[10K] To CMP-1666-00005-4[CRCW060310K0FKEA] in IO.SchDoc
Update Managed Component R20 From CMP-1666-00005-4[10K] To CMP-1666-00005-4[CRCW060310K0FKEA] in IO.SchDoc
Update Managed Component R21 From CMP-1666-00005-4[10K] To CMP-1666-00005-4[CRCW060310K0FKEA] in IO.SchDoc
Update Managed Component R23 From CMP-1666-00005-4[10K] To CMP-1666-00005-4[CRCW060310K0FKEA] in IO.SchDoc
Update Managed Component R24 From CMP-2000-05023-1[1K] To CMP-2000-05023-1[RC0603JR-071KL] in IO.SchDoc
Update Managed Component R25 From CMP-2000-05023-1[1K] To CMP-2000-05023-1[RC0603JR-071KL] in IO.SchDoc
Update Managed Component R26 From CMP-1666-00005-4[10K] To CMP-1666-00005-4[CRCW060310K0FKEA] in IO.SchDoc
Update Managed Component R33 From CMP-1012-00203-1[2 Ohm] To CMP-1012-00203-1[2R 1% 0603(1608)] in IO.SchDoc
Update Managed Component R34 From CMP-1666-00005-4[10K] To CMP-1666-00005-4[CRCW060310K0FKEA] in IO.SchDoc
Update Managed Component R35 From CMP-2000-05023-1[1K] To CMP-2000-05023-1[RC0603JR-071KL] in IO.SchDoc
Replace Part SW1 BUTTON PANEL-MOUNT in D:\! University of Victoria\Y2\ECE299\PROJECT\ECE299_PCB\IO.SchDoc with BUTTON PANEL-MOUNT from ECE299_PCB.SCHLIB
Replace Part SW2 BUTTON PANEL-MOUNT in D:\! University of Victoria\Y2\ECE299\PROJECT\ECE299_PCB\IO.SchDoc with BUTTON PANEL-MOUNT from ECE299_PCB.SCHLIB
