Removed Pin From Net: NetName=NetC22_2 Pin=J6-1
Removed Pin From Net: NetName=NetC21_1 Pin=X1-1
Removed Member From Class: ClassName=Audio Member=X1
Change Component Footprint: Designator=J6 Old Footprint=2-pin Header (Generic) New Footprint=FP-CONSMA001-SMD-G-T-MFG
Change Component Comment : Designator=J6 Old Comment=2-PIN HEADER New Comment=CONSMA001-SMD-G-T
Change component parameters: Designator = "J6" ("J6"); Footprint = "2-pin Header (Generic)"; UniqueID = "\CHDYQRCF" ("\CHDYQRCF")
Change component parameters (AddParameter): Name = "Availability"; Value = "Unavailable"; VariantName = "[No Variations]"
Change component parameters (AddParameter): Name = "MF"; Value = ""; VariantName = "[No Variations]"
Change component parameters (AddParameter): Name = "MP"; Value = "CONSMA001-SMD-G-T"; VariantName = "[No Variations]"
Change component parameters (AddParameter): Name = "Package"; Value = "None"; VariantName = "[No Variations]"
Change component parameters (AddParameter): Name = "Price"; Value = "None"; VariantName = "[No Variations]"
Change component parameters (AddParameter): Name = "Value"; Value = ""; VariantName = "[No Variations]"
Added Component: Designator=J7(FP-CONSMA001-SMD-G-T-MFG)
Add component (AddParameter): Name = "Availability"; Value = "Unavailable"; VariantName = "[No Variations]"
Add component (AddParameter): Name = "MF"; Value = ""; VariantName = "[No Variations]"
Add component (AddParameter): Name = "MP"; Value = "CONSMA001-SMD-G-T"; VariantName = "[No Variations]"
Add component (AddParameter): Name = "Package"; Value = "None"; VariantName = "[No Variations]"
Add component (AddParameter): Name = "Price"; Value = "None"; VariantName = "[No Variations]"
Add component (AddParameter): Name = "Value"; Value = ""; VariantName = "[No Variations]"
Added Pin To Net: NetName=NetC21_1 Pin=J6-1
Added Pin To Net: NetName=GND Pin=J6-S1
Added Pin To Net: NetName=GND Pin=J6-S2
Added Pin To Net: NetName=NetC22_2 Pin=J7-S1
Added Pin To Net: NetName=NetC22_2 Pin=J7-S2
Added Pin To Net: NetName=NetJ7_1 Pin=J7-1
Added Pin To Net: NetName=NetJ7_1 Pin=U8-7
Added Net: Name=NetJ7_1
Added Member To Class: ClassName=Audio Member=Component C5 GRM155R71C104KA88D
Added Member To Class: ClassName=Audio Member=Component J7 CONSMA001-SMD-G-T
Added Member To Class: ClassName=Audio Member=Component R15 RC0603FR-0710KL
Added Member To Class: ClassName=Audio Member=Component U8 SI4732-A10-GS
