Removed Pin From Net: NetName=GND Pin=C7-2
Removed Pin From Net: NetName=RIN_AMP_2 Pin=J3-2
Removed Pin From Net: NetName=LIN_AMP_2 Pin=J3-4
Removed Pin From Net: NetName=RADIO_RES Pin=Q1-2
Removed Pin From Net: NetName=RADIO_RES Pin=Q1-5
Removed Pin From Net: NetName=3V3_REG Pin=Q7-2
Removed Pin From Net: NetName=AMP_MUTE Pin=Q7-3
Removed Pin From Net: NetName=3V3_REG Pin=Q7-5
Removed Pin From Net: NetName=AMP_SHDN Pin=Q7-6
Removed Pin From Net: NetName=LOUT_RAD_2 Pin=R3-1
Removed Pin From Net: NetName=ROUT_RAD_2 Pin=R6-1
Removed Pin From Net: NetName=3V3_REG Pin=R22-1
Removed Pin From Net: NetName=AMP_MUTE Pin=R22-2
Removed Pin From Net: NetName=5V_OUT Pin=R27-1
Removed Pin From Net: NetName=3V3_REG Pin=R28-1
Removed Pin From Net: NetName=AMP_SHDN Pin=R28-2
Removed Pin From Net: NetName=5V_OUT Pin=R32-1
Removed Pin From Net: NetName=3V3_REG Pin=R33-2
Removed Pin From Net: NetName=GND Pin=R38-1
Removed Pin From Net: NetName=3V3_REG Pin=R40-2
Removed Pin From Net: NetName=GND Pin=R41-1
Removed Pin From Net: NetName=GND Pin=RV1-1
Removed Pin From Net: NetName=5V_OUT Pin=RV1-3
Removed Pin From Net: NetName=GND Pin=U3-4
Removed Pin From Net: NetName=5V_OUT Pin=U3-8
Removed Pin From Net: NetName=GND Pin=U6-4
Removed Pin From Net: NetName=5V_OUT Pin=U6-8
Removed Pin From Net: NetName=AMP_SHDN Pin=U7-21
Removed Pin From Net: NetName=RADIO_RES Pin=U7-22
Removed Member From Class: ClassName=Audio Member=L1
Removed Member From Class: ClassName=Audio Member=L2
Removed Member From Class: ClassName=Audio Member=Q7
Removed Member From Class: ClassName=Audio Member=R7
Removed Member From Class: ClassName=Audio Member=R8
Removed Member From Class: ClassName=Audio Member=R9
Removed Member From Class: ClassName=Audio Member=R11
Removed Member From Class: ClassName=Audio Member=R12
Removed Member From Class: ClassName=Audio Member=R13
Removed Member From Class: ClassName=Audio Member=R14
Removed Member From Class: ClassName=Audio Member=R15
Removed Member From Class: ClassName=Audio Member=R22
Removed Member From Class: ClassName=Audio Member=R27
Removed Member From Class: ClassName=Audio Member=R28
Removed Member From Class: ClassName=Audio Member=R32
Removed Member From Class: ClassName=Audio Member=R33
Removed Member From Class: ClassName=Audio Member=R38
Removed Member From Class: ClassName=Audio Member=R39
Removed Member From Class: ClassName=Audio Member=R40
Removed Member From Class: ClassName=Audio Member=R41
Removed Member From Class: ClassName=Audio Member=R42
Removed Member From Class: ClassName=Audio Member=RV1
Removed Member From Class: ClassName=Audio Member=U3
Removed Member From Class: ClassName=Audio Member=U6
Removed Member From Class: ClassName=POWER Member=NetJ4_20
Change Component Footprint: Designator=C8 Old Footprint=FP-C0402C105K8PACTU-MFG New Footprint=FP-C0805C-DG-MFG
Change Component Footprint: Designator=C7 Old Footprint=FP-C0402C105K8PACTU-MFG New Footprint=FP-GRM15-MFG
Change Component Footprint: Designator=R6 Old Footprint=FP-RC0402-0_4-MFG New Footprint=RC0402N_YAG
Change Component Footprint: Designator=R2 Old Footprint=FP-RC0402-0_4-MFG New Footprint=RESC1005X40X25LL05T10
Change Component Footprint: Designator=R5 Old Footprint=FP-RC0402-0_4-MFG New Footprint=RESC1005X40X25LL05T10
Change Component Footprint: Designator=R3 Old Footprint=FP-RC0402-0_4-MFG New Footprint=RESC1608X55X25LL10T15
Change Component Footprint: Designator=Q1 Old Footprint=FP-SOT363-IPC_C New Footprint=FP-SOT23-IPC_B
Change Component Comment : Designator=Q1 Old Comment=2N7002DW-7-F New Comment=DMG2305UX-7
Change Component Comment : Designator=J7 Old Comment=AM New Comment=2-PIN HEADER
Change Component Comment : Designator=C8 Old Comment=C0402C105K8PACTU New Comment=C0805C106K8PACTU
Change Component Comment : Designator=C7 Old Comment=C0402C105K8PACTU New Comment=GRM155R71C104KA88D
Change Component Comment : Designator=R6 Old Comment=RC0402FR-0710RL New Comment=RC0402JR-0710KL
Change Component Comment : Designator=R2 Old Comment=RC0402FR-0710RL New Comment=RC0402JR-0747KL
Change Component Comment : Designator=R5 Old Comment=RC0402FR-0710RL New Comment=RC0402JR-0747KL
Change Component Comment : Designator=R3 Old Comment=RC0402FR-0710RL New Comment=RC0603FR-071ML
Change Component Comment : Designator=J1 Old Comment=SPK_L New Comment=SPEAKER_L
Change Component Comment : Designator=J2 Old Comment=SPK_R New Comment=SPEAKER_R
Change Component Comment : Designator=J3 Old Comment=TRS New Comment=5-PIN HEADER
Change Managed Component Library Link : Designator=C7 Old VaultGUID=B7D15EC3-160A-466F-A46C-7801FE6295A7 New VaultGUID=B7D15EC3-160A-466F-A46C-7801FE6295A7 Old ItemGUID=E7CF7E5F-CFDD-4FCC-B108-E4AAE559E2F3 New ItemGUID=388B580D-3E2B-4C40-82C1-AF26D2AEE14B Old RevisionGUID=249E8416-0564-445C-ABA0-A48B677BA605 New RevisionGUID=94EC833E-789A-4A38-8035-9CFDBEAC3EC3
Change Managed Component Library Link : Designator=C8 Old VaultGUID=B7D15EC3-160A-466F-A46C-7801FE6295A7 New VaultGUID=B7D15EC3-160A-466F-A46C-7801FE6295A7 Old ItemGUID=E7CF7E5F-CFDD-4FCC-B108-E4AAE559E2F3 New ItemGUID=BB83B2C5-EEB1-46AB-824F-06572DF18BD6 Old RevisionGUID=249E8416-0564-445C-ABA0-A48B677BA605 New RevisionGUID=316FD8F7-2D16-4229-A14B-F33EB7DCDC66
Change Managed Component Library Link : Designator=Q1 Old VaultGUID=B7D15EC3-160A-466F-A46C-7801FE6295A7 New VaultGUID=B7D15EC3-160A-466F-A46C-7801FE6295A7 Old ItemGUID=16B5C7E2-D8E0-4B34-838D-D02C03959C51 New ItemGUID=F6A329F8-3299-4C2B-9C37-B809E1B8EC71 Old RevisionGUID=25993958-8379-453B-A500-474F9C6EAC3A New RevisionGUID=38B561B1-CD25-493D-8658-2608E2C3871C
Change Managed Component Library Link : Designator=R2 Old VaultGUID=B7D15EC3-160A-466F-A46C-7801FE6295A7 New VaultGUID=B7D15EC3-160A-466F-A46C-7801FE6295A7 Old ItemGUID=5E162105-D0AB-4DC3-AF6C-086F77E442C1 New ItemGUID=A2201F72-EDB9-4103-B05A-0FAA0F4BDB61 Old RevisionGUID=AC259DE1-6155-433A-9A8C-F4880445779C New RevisionGUID=612D0F61-55CB-4592-8F43-B91E09606D56
Change Managed Component Library Link : Designator=R3 Old VaultGUID=B7D15EC3-160A-466F-A46C-7801FE6295A7 New VaultGUID=B7D15EC3-160A-466F-A46C-7801FE6295A7 Old ItemGUID=5E162105-D0AB-4DC3-AF6C-086F77E442C1 New ItemGUID=525E3B97-E57E-42A8-9640-792A94C58B23 Old RevisionGUID=AC259DE1-6155-433A-9A8C-F4880445779C New RevisionGUID=AD5BF74B-47E7-423A-A522-DAB6B7007BE3
Change Managed Component Library Link : Designator=R5 Old VaultGUID=B7D15EC3-160A-466F-A46C-7801FE6295A7 New VaultGUID=B7D15EC3-160A-466F-A46C-7801FE6295A7 Old ItemGUID=5E162105-D0AB-4DC3-AF6C-086F77E442C1 New ItemGUID=A2201F72-EDB9-4103-B05A-0FAA0F4BDB61 Old RevisionGUID=AC259DE1-6155-433A-9A8C-F4880445779C New RevisionGUID=612D0F61-55CB-4592-8F43-B91E09606D56
Change Managed Component Library Link : Designator=R6 Old VaultGUID=B7D15EC3-160A-466F-A46C-7801FE6295A7 New VaultGUID= Old ItemGUID=5E162105-D0AB-4DC3-AF6C-086F77E442C1 New ItemGUID= Old RevisionGUID=AC259DE1-6155-433A-9A8C-F4880445779C New RevisionGUID=
Change component parameters: Designator = "C7" ("C7"); Footprint = "FP-C0402C105K8PACTU-MFG"; UniqueID = "\DXYYXZHS" ("\DXYYXZHS")
Change component parameters (AddParameter): Name = "Capacitance"; Value = "0.10µF"; VariantName = "[No Variations]"
Change component parameters (AddParameter): Name = "Category"; Value = "Cap"; VariantName = "[No Variations]"
Change component parameters (AddParameter): Name = "ComponentLink2Description"; Value = "Datasheet"; VariantName = "[No Variations]"
Change component parameters (AddParameter): Name = "ComponentLink2URL"; Value = "https://search.murata.co.jp/Ceramy/image/img/A01X/G101/ENG/GRM155R71H471KA01-01A.pdf"; VariantName = "[No Variations]"
Change component parameters (AddParameter): Name = "Device Class L1"; Value = "Passive Components"; VariantName = "[No Variations]"
Change component parameters (AddParameter): Name = "Device Class L2"; Value = "Capacitors"; VariantName = "[No Variations]"
Change component parameters (AddParameter): Name = "Device Class L3"; Value = "Ceramic Capacitors"; VariantName = "[No Variations]"
Change component parameters (AddParameter): Name = "Digikey Description"; Value = "CAP CER 0.1UF 16V X7R 0402"; VariantName = "[No Variations]"
Change component parameters (AddParameter): Name = "Height"; Value = "0.55mm"; VariantName = "[No Variations]"
Change component parameters (AddParameter): Name = "Ipc Land Pattern Name"; Value = "CAPC10050X219"; VariantName = "[No Variations]"
Change component parameters (AddParameter): Name = "Lead Free"; Value = "yes"; VariantName = "[No Variations]"
Change component parameters (AddParameter): Name = "Manufacturer"; Value = "Murata"; VariantName = "[No Variations]"
Change component parameters (AddParameter): Name = "Manufacturer Part Number"; Value = "GRM155R71C104KA88D"; VariantName = "[No Variations]"
Change component parameters (AddParameter): Name = "Material"; Value = "Ceramic"; VariantName = "[No Variations]"
Change component parameters (AddParameter): Name = "Mouser Description"; Value = "0402 0.1 uF 16V ±10 % Tolerance X7R SMT Multilayer Ceramic Capacitor"; VariantName = "[No Variations]"
Change component parameters (AddParameter): Name = "Octopart"; Value = "https://octopart.com/grm155r71c104ka88d-murata-196880"; VariantName = "[No Variations]"
Change component parameters (AddParameter): Name = "Package"; Value = "GRM15"; VariantName = "[No Variations]"
Change component parameters (AddParameter): Name = "RoHS"; Value = "TRUE"; VariantName = "[No Variations]"
Change component parameters (AddParameter): Name = "Standoff Height"; Value = "0mm"; VariantName = "[No Variations]"
Change component parameters (AddParameter): Name = "Temperature"; Value = "-55°C to +125°C"; VariantName = "[No Variations]"
Change component parameters (AddParameter): Name = "Temperature Characteristic"; Value = "X7R"; VariantName = "[No Variations]"
Change component parameters (AddParameter): Name = "Temperature Range High"; Value = "+125°C"; VariantName = "[No Variations]"
Change component parameters (AddParameter): Name = "Temperature Range Low"; Value = "-55°C"; VariantName = "[No Variations]"
Change component parameters (AddParameter): Name = "Tolerance"; Value = "10%"; VariantName = "[No Variations]"
Change component parameters (AddParameter): Name = "Value"; Value = "0.10µF"; VariantName = "[No Variations]"
Change component parameters (AddParameter): Name = "Voltage Rating"; Value = "16Vdc"; VariantName = "[No Variations]"
Change component parameters: Designator = "C8" ("C8"); Footprint = "FP-C0402C105K8PACTU-MFG"; UniqueID = "\QAADSUQR" ("\QAADSUQR")
Change component parameters (AddParameter): Name = "3DS Part Number"; Value = "220-00001"; VariantName = "[No Variations]"
Change component parameters (AddParameter): Name = "Automotive"; Value = "No"; VariantName = "[No Variations]"
Change component parameters (AddParameter): Name = "Capacitance"; Value = "10uF"; VariantName = "[No Variations]"
Change component parameters (AddParameter): Name = "Category"; Value = "Cap"; VariantName = "[No Variations]"
Change component parameters (AddParameter): Name = "ComponentLink2Description"; Value = "Datasheet"; VariantName = "[No Variations]"
Change component parameters (AddParameter): Name = "ComponentLink2URL"; Value = "https://content.kemet.com/datasheets/KEM_C1006_X5R_SMD.pdf"; VariantName = "[No Variations]"
Change component parameters (AddParameter): Name = "Device Class L1"; Value = "Passive Components"; VariantName = "[No Variations]"
Change component parameters (AddParameter): Name = "Device Class L2"; Value = "Capacitors"; VariantName = "[No Variations]"
Change component parameters (AddParameter): Name = "Device Class L3"; Value = "Ceramic Capacitors"; VariantName = "[No Variations]"
Change component parameters (AddParameter): Name = "Digikey Description"; Value = "CAP CER 10UF 10V X5R 0805"; VariantName = "[No Variations]"
Change component parameters (AddParameter): Name = "Height"; Value = "1.4mm"; VariantName = "[No Variations]"
Change component parameters (AddParameter): Name = "Ipc Land Pattern Name"; Value = "CAPC200125X125"; VariantName = "[No Variations]"
Change component parameters (AddParameter): Name = "Lead Free"; Value = "Yes"; VariantName = "[No Variations]"
Change component parameters (AddParameter): Name = "Manufacturer"; Value = "Kemet"; VariantName = "[No Variations]"
Change component parameters (AddParameter): Name = "Manufacturer Part Number"; Value = "C0805C106K8PACTU"; VariantName = "[No Variations]"
Change component parameters (AddParameter): Name = "Material"; Value = "Ceramic"; VariantName = "[No Variations]"
Change component parameters (AddParameter): Name = "Mouser Description"; Value = "CAP CER 10UF 10V X5R 0805"; VariantName = "[No Variations]"
Change component parameters (AddParameter): Name = "Octopart"; Value = "https://octopart.com/c0805c106k8pactu-kemet-98697"; VariantName = "[No Variations]"
Change component parameters (AddParameter): Name = "Package"; Value = "C0805C-DG"; VariantName = "[No Variations]"
Change component parameters (AddParameter): Name = "RoHS"; Value = "TRUE"; VariantName = "[No Variations]"
Change component parameters (AddParameter): Name = "Temperature"; Value = "-55°C to +85°C"; VariantName = "[No Variations]"
Change component parameters (AddParameter): Name = "Temperature Characteristic"; Value = "X5R"; VariantName = "[No Variations]"
Change component parameters (AddParameter): Name = "Temperature Coefficient"; Value = "15%"; VariantName = "[No Variations]"
Change component parameters (AddParameter): Name = "Temperature Range High"; Value = "+85°C"; VariantName = "[No Variations]"
Change component parameters (AddParameter): Name = "Temperature Range Low"; Value = "-55°C"; VariantName = "[No Variations]"
Change component parameters (AddParameter): Name = "Tolerance"; Value = "10%"; VariantName = "[No Variations]"
Change component parameters (AddParameter): Name = "Value"; Value = "10uF"; VariantName = "[No Variations]"
Change component parameters (AddParameter): Name = "Voltage"; Value = "10V"; VariantName = "[No Variations]"
Change component parameters (AddParameter): Name = "Voltage Rating"; Value = "10V"; VariantName = "[No Variations]"
Change component parameters: Designator = "Q1" ("Q1"); Footprint = "FP-SOT363-IPC_C"; UniqueID = "\QCOHREHP" ("\QCOHREHP")
Change component parameters (AddParameter): Name = "Case/Package"; Value = "SOT-23"; VariantName = "[No Variations]"
Change component parameters (AddParameter): Name = "Contact Plating"; Value = "Tin"; VariantName = "[No Variations]"
Change component parameters (AddParameter): Name = "Continuous Drain Current (ID)"; Value = "4.2A"; VariantName = "[No Variations]"
Change component parameters (AddParameter): Name = "Drain to Source Resistance"; Value = "200mR"; VariantName = "[No Variations]"
Change component parameters (AddParameter): Name = "Drain to Source Voltage (Vdss)"; Value = "20V"; VariantName = "[No Variations]"
Change component parameters (AddParameter): Name = "Element Configuration"; Value = "Single"; VariantName = "[No Variations]"
Change component parameters (AddParameter): Name = "Fall Time"; Value = "34.7ns"; VariantName = "[No Variations]"
Change component parameters (AddParameter): Name = "Gate to Source Voltage (Vgs)"; Value = "8V"; VariantName = "[No Variations]"
Change component parameters (AddParameter): Name = "Height"; Value = "1.1mm"; VariantName = "[No Variations]"
Change component parameters (AddParameter): Name = "Input Capacitance"; Value = "808pF"; VariantName = "[No Variations]"
Change component parameters (AddParameter): Name = "Lead Free"; Value = "Lead Free"; VariantName = "[No Variations]"
Change component parameters (AddParameter): Name = "Length"; Value = "3mm"; VariantName = "[No Variations]"
Change component parameters (AddParameter): Name = "Max Operating Temperature"; Value = "150°C"; VariantName = "[No Variations]"
Change component parameters (AddParameter): Name = "Max Power Dissipation"; Value = "1.4W"; VariantName = "[No Variations]"
Change component parameters (AddParameter): Name = "Min Operating Temperature"; Value = "-55°C"; VariantName = "[No Variations]"
Change component parameters (AddParameter): Name = "Mount"; Value = "Surface Mount"; VariantName = "[No Variations]"
Change component parameters (AddParameter): Name = "Number of Channels"; Value = "1"; VariantName = "[No Variations]"
Change component parameters (AddParameter): Name = "Number of Pins"; Value = "3"; VariantName = "[No Variations]"
Change component parameters (AddParameter): Name = "On-State Resistance"; Value = "52MR"; VariantName = "[No Variations]"
Change component parameters (AddParameter): Name = "Package Quantity"; Value = "3000"; VariantName = "[No Variations]"
Change component parameters (AddParameter): Name = "Packaging"; Value = "Tape and Reel"; VariantName = "[No Variations]"
Change component parameters (AddParameter): Name = "Radiation Hardening"; Value = "No"; VariantName = "[No Variations]"
Change component parameters (AddParameter): Name = "Rds On Max"; Value = "52mR"; VariantName = "[No Variations]"
Change component parameters (AddParameter): Name = "REACH SVHC"; Value = "No SVHC"; VariantName = "[No Variations]"
Change component parameters (AddParameter): Name = "Rise Time"; Value = "13.7ns"; VariantName = "[No Variations]"
Change component parameters (AddParameter): Name = "Threshold Voltage"; Value = "-900mV"; VariantName = "[No Variations]"
Change component parameters (AddParameter): Name = "Turn-Off Delay Time"; Value = "79.3ns"; VariantName = "[No Variations]"
Change component parameters (AddParameter): Name = "Turn-On Delay Time"; Value = "10.8ns"; VariantName = "[No Variations]"
Change component parameters (AddParameter): Name = "Weight"; Value = "0.000282oz"; VariantName = "[No Variations]"
Change component parameters (AddParameter): Name = "Width"; Value = "1.4mm"; VariantName = "[No Variations]"
Change component parameters: Designator = "R2" ("R2"); Footprint = "FP-RC0402-0_4-MFG"; UniqueID = "\XJGBDAGE" ("\XJGBDAGE")
Change component parameters (AddParameter): Name = "Manufacturer"; Value = "Yageo / Phycomp"; VariantName = "[No Variations]"
Change component parameters (AddParameter): Name = "Part Number"; Value = "RC0402JR-0747KL"; VariantName = "[No Variations]"
Change component parameters: Designator = "R3" ("R3"); Footprint = "FP-RC0402-0_4-MFG"; UniqueID = "\BJIYTXGD" ("\BJIYTXGD")
Change component parameters (AddParameter): Name = "Capacitance"; Value = "1 mF"; VariantName = "[No Variations]"
Change component parameters (AddParameter): Name = "Case\Package"; Value = "Radial"; VariantName = "[No Variations]"
Change component parameters (AddParameter): Name = "ComponentLink1Description"; Value = "Manufacturer URL"; VariantName = "[No Variations]"
Change component parameters (AddParameter): Name = "ComponentLink1URL"; Value = "http://www.yageo.com/"; VariantName = "[No Variations]"
Change component parameters (AddParameter): Name = "ComponentLink2Description"; Value = "Datasheet"; VariantName = "[No Variations]"
Change component parameters (AddParameter): Name = "ComponentLink2URL"; Value = "http://www.yageo.com/documents/recent/PYu-RC_Group_51_RoHS_L_04.pdf"; VariantName = "[No Variations]"
Change component parameters (AddParameter): Name = "DatasheetVersion"; Value = "Rev. 4, 02/2016"; VariantName = "[No Variations]"
Change component parameters (AddParameter): Name = "Diameter"; Value = "10 mm"; VariantName = "[No Variations]"
Change component parameters (AddParameter): Name = "Height"; Value = "20 mm"; VariantName = "[No Variations]"
Change component parameters (AddParameter): Name = "Lead Pitch"; Value = "5 mm"; VariantName = "[No Variations]"
Change component parameters (AddParameter): Name = "Length"; Value = "20 mm"; VariantName = "[No Variations]"
Change component parameters (AddParameter): Name = "Max Operating Temperature"; Value = "85 degC"; VariantName = "[No Variations]"
Change component parameters (AddParameter): Name = "Min Operating Temperature"; Value = "-40 degC"; VariantName = "[No Variations]"
Change component parameters (AddParameter): Name = "Mount"; Value = "Through Hole"; VariantName = "[No Variations]"
Change component parameters (AddParameter): Name = "Package Quantity"; Value = "200"; VariantName = "[No Variations]"
Change component parameters (AddParameter): Name = "PackageDescription"; Value = "2-Pin Surface Mount Device, Body 1.6 x 0.8 mm"; VariantName = "[No Variations]"
Change component parameters (AddParameter): Name = "PackageReference"; Value = "0603"; VariantName = "[No Variations]"
Change component parameters (AddParameter): Name = "Packaging"; Value = "Bulk"; VariantName = "[No Variations]"
Change component parameters (AddParameter): Name = "Radiation Hardening"; Value = "No"; VariantName = "[No Variations]"
Change component parameters (AddParameter): Name = "REACH SVHC"; Value = "No SVHC"; VariantName = "[No Variations]"
Change component parameters (AddParameter): Name = "RoHSCompliant"; Value = "true"; VariantName = "[No Variations]"
Change component parameters (AddParameter): Name = "Tolerance"; Value = "20%"; VariantName = "[No Variations]"
Change component parameters (AddParameter): Name = "Voltage Rating"; Value = "25 V"; VariantName = "[No Variations]"
Change component parameters (AddParameter): Name = "Voltage Rating (DC)"; Value = "25 V"; VariantName = "[No Variations]"
Change component parameters (AddParameter): Name = "Width"; Value = "0 inch"; VariantName = "[No Variations]"
Change component parameters: Designator = "R5" ("R5"); Footprint = "FP-RC0402-0_4-MFG"; UniqueID = "\DKDJTEVK" ("\DKDJTEVK")
Change component parameters (AddParameter): Name = "Manufacturer"; Value = "Yageo / Phycomp"; VariantName = "[No Variations]"
Change component parameters (AddParameter): Name = "Part Number"; Value = "RC0402JR-0747KL"; VariantName = "[No Variations]"
Change component parameters: Designator = "R6" ("R6"); Footprint = "FP-RC0402-0_4-MFG"; UniqueID = "\XBCRVVZV" ("\XBCRVVZV")
Change component parameters (AddParameter): Name = "Case Code (Imperial)"; Value = "0402"; VariantName = "[No Variations]"
Change component parameters (AddParameter): Name = "Case Code (Metric)"; Value = "1005"; VariantName = "[No Variations]"
Change component parameters (AddParameter): Name = "Case/Package"; Value = "0402"; VariantName = "[No Variations]"
Change component parameters (AddParameter): Name = "Construction"; Value = "Rectangular"; VariantName = "[No Variations]"
Change component parameters (AddParameter): Name = "Depth"; Value = "0.5mm"; VariantName = "[No Variations]"
Change component parameters (AddParameter): Name = "Features"; Value = "Moisture Resistant"; VariantName = "[No Variations]"
Change component parameters (AddParameter): Name = "Height"; Value = "0.016inch"; VariantName = "[No Variations]"
Change component parameters (AddParameter): Name = "Lead Free"; Value = "Lead Free"; VariantName = "[No Variations]"
Change component parameters (AddParameter): Name = "Length"; Value = "0.039inch"; VariantName = "[No Variations]"
Change component parameters (AddParameter): Name = "Max Operating Temperature"; Value = "155°C"; VariantName = "[No Variations]"
Change component parameters (AddParameter): Name = "Max Power Dissipation"; Value = "63mW"; VariantName = "[No Variations]"
Change component parameters (AddParameter): Name = "Military Standard"; Value = "Not"; VariantName = "[No Variations]"
Change component parameters (AddParameter): Name = "Min Operating Temperature"; Value = "-55°C"; VariantName = "[No Variations]"
Change component parameters (AddParameter): Name = "Number of Terminations"; Value = "2"; VariantName = "[No Variations]"
Change component parameters (AddParameter): Name = "Package Quantity"; Value = "1"; VariantName = "[No Variations]"
Change component parameters (AddParameter): Name = "Packaging"; Value = "Tape and Reel"; VariantName = "[No Variations]"
Change component parameters (AddParameter): Name = "Power Rating"; Value = "62.5mW"; VariantName = "[No Variations]"
Change component parameters (AddParameter): Name = "Resistance"; Value = "10kR"; VariantName = "[No Variations]"
Change component parameters (AddParameter): Name = "Resistance Tolerance"; Value = "5%"; VariantName = "[No Variations]"
Change component parameters (AddParameter): Name = "Resistor Type"; Value = "Thick Film"; VariantName = "[No Variations]"
Change component parameters (AddParameter): Name = "RoHS Compliant"; Value = "Yes"; VariantName = "[No Variations]"
Change component parameters (AddParameter): Name = "Series"; Value = "RC"; VariantName = "[No Variations]"
Change component parameters (AddParameter): Name = "Size Code"; Value = "0402"; VariantName = "[No Variations]"
Change component parameters (AddParameter): Name = "Temperature Coefficient"; Value = "100ppm/°C"; VariantName = "[No Variations]"
Change component parameters (AddParameter): Name = "Termination"; Value = "SMD/SMT"; VariantName = "[No Variations]"
Change component parameters (AddParameter): Name = "Tolerance"; Value = "5%"; VariantName = "[No Variations]"
Change component parameters (AddParameter): Name = "Voltage Rating"; Value = "50V"; VariantName = "[No Variations]"
Change component parameters (AddParameter): Name = "Width"; Value = "0.02inch"; VariantName = "[No Variations]"
Added Component: Designator=*(QFN50P400X400X100_HS-25N)
Added Component: Designator=C26(CAPC1608X87X35LL15T15)
Add component (AddParameter): Name = "Manufacturer"; Value = "Kemet"; VariantName = "[No Variations]"
Add component (AddParameter): Name = "Part Number"; Value = "C0603C105K3RACTU"; VariantName = "[No Variations]"
Added Component: Designator=C27(FP-GRM15-MFG)
Add component (AddParameter): Name = "Capacitance"; Value = "0.10µF"; VariantName = "[No Variations]"
Add component (AddParameter): Name = "Category"; Value = "Cap"; VariantName = "[No Variations]"
Add component (AddParameter): Name = "ComponentLink2Description"; Value = "Datasheet"; VariantName = "[No Variations]"
Add component (AddParameter): Name = "ComponentLink2URL"; Value = "https://search.murata.co.jp/Ceramy/image/img/A01X/G101/ENG/GRM155R71H471KA01-01A.pdf"; VariantName = "[No Variations]"
Add component (AddParameter): Name = "Device Class L1"; Value = "Passive Components"; VariantName = "[No Variations]"
Add component (AddParameter): Name = "Device Class L2"; Value = "Capacitors"; VariantName = "[No Variations]"
Add component (AddParameter): Name = "Device Class L3"; Value = "Ceramic Capacitors"; VariantName = "[No Variations]"
Add component (AddParameter): Name = "Digikey Description"; Value = "CAP CER 0.1UF 16V X7R 0402"; VariantName = "[No Variations]"
Add component (AddParameter): Name = "Height"; Value = "0.55mm"; VariantName = "[No Variations]"
Add component (AddParameter): Name = "Ipc Land Pattern Name"; Value = "CAPC10050X219"; VariantName = "[No Variations]"
Add component (AddParameter): Name = "Lead Free"; Value = "yes"; VariantName = "[No Variations]"
Add component (AddParameter): Name = "Manufacturer"; Value = "Murata"; VariantName = "[No Variations]"
Add component (AddParameter): Name = "Manufacturer Part Number"; Value = "GRM155R71C104KA88D"; VariantName = "[No Variations]"
Add component (AddParameter): Name = "Material"; Value = "Ceramic"; VariantName = "[No Variations]"
Add component (AddParameter): Name = "Mouser Description"; Value = "0402 0.1 uF 16V ±10 % Tolerance X7R SMT Multilayer Ceramic Capacitor"; VariantName = "[No Variations]"
Add component (AddParameter): Name = "Octopart"; Value = "https://octopart.com/grm155r71c104ka88d-murata-196880"; VariantName = "[No Variations]"
Add component (AddParameter): Name = "Package"; Value = "GRM15"; VariantName = "[No Variations]"
Add component (AddParameter): Name = "RoHS"; Value = "TRUE"; VariantName = "[No Variations]"
Add component (AddParameter): Name = "Standoff Height"; Value = "0mm"; VariantName = "[No Variations]"
Add component (AddParameter): Name = "Temperature"; Value = "-55°C to +125°C"; VariantName = "[No Variations]"
Add component (AddParameter): Name = "Temperature Characteristic"; Value = "X7R"; VariantName = "[No Variations]"
Add component (AddParameter): Name = "Temperature Range High"; Value = "+125°C"; VariantName = "[No Variations]"
Add component (AddParameter): Name = "Temperature Range Low"; Value = "-55°C"; VariantName = "[No Variations]"
Add component (AddParameter): Name = "Tolerance"; Value = "10%"; VariantName = "[No Variations]"
Add component (AddParameter): Name = "Value"; Value = "0.10µF"; VariantName = "[No Variations]"
Add component (AddParameter): Name = "Voltage Rating"; Value = "16Vdc"; VariantName = "[No Variations]"
Added Component: Designator=C28(FP-C0805C-DG-MFG)
Add component (AddParameter): Name = "3DS Part Number"; Value = "220-00001"; VariantName = "[No Variations]"
Add component (AddParameter): Name = "Automotive"; Value = "No"; VariantName = "[No Variations]"
Add component (AddParameter): Name = "Capacitance"; Value = "10uF"; VariantName = "[No Variations]"
Add component (AddParameter): Name = "Category"; Value = "Cap"; VariantName = "[No Variations]"
Add component (AddParameter): Name = "ComponentLink2Description"; Value = "Datasheet"; VariantName = "[No Variations]"
Add component (AddParameter): Name = "ComponentLink2URL"; Value = "https://content.kemet.com/datasheets/KEM_C1006_X5R_SMD.pdf"; VariantName = "[No Variations]"
Add component (AddParameter): Name = "Device Class L1"; Value = "Passive Components"; VariantName = "[No Variations]"
Add component (AddParameter): Name = "Device Class L2"; Value = "Capacitors"; VariantName = "[No Variations]"
Add component (AddParameter): Name = "Device Class L3"; Value = "Ceramic Capacitors"; VariantName = "[No Variations]"
Add component (AddParameter): Name = "Digikey Description"; Value = "CAP CER 10UF 10V X5R 0805"; VariantName = "[No Variations]"
Add component (AddParameter): Name = "Height"; Value = "1.4mm"; VariantName = "[No Variations]"
Add component (AddParameter): Name = "Ipc Land Pattern Name"; Value = "CAPC200125X125"; VariantName = "[No Variations]"
Add component (AddParameter): Name = "Lead Free"; Value = "Yes"; VariantName = "[No Variations]"
Add component (AddParameter): Name = "Manufacturer"; Value = "Kemet"; VariantName = "[No Variations]"
Add component (AddParameter): Name = "Manufacturer Part Number"; Value = "C0805C106K8PACTU"; VariantName = "[No Variations]"
Add component (AddParameter): Name = "Material"; Value = "Ceramic"; VariantName = "[No Variations]"
Add component (AddParameter): Name = "Mouser Description"; Value = "CAP CER 10UF 10V X5R 0805"; VariantName = "[No Variations]"
Add component (AddParameter): Name = "Octopart"; Value = "https://octopart.com/c0805c106k8pactu-kemet-98697"; VariantName = "[No Variations]"
Add component (AddParameter): Name = "Package"; Value = "C0805C-DG"; VariantName = "[No Variations]"
Add component (AddParameter): Name = "RoHS"; Value = "TRUE"; VariantName = "[No Variations]"
Add component (AddParameter): Name = "Temperature"; Value = "-55°C to +85°C"; VariantName = "[No Variations]"
Add component (AddParameter): Name = "Temperature Characteristic"; Value = "X5R"; VariantName = "[No Variations]"
Add component (AddParameter): Name = "Temperature Coefficient"; Value = "15%"; VariantName = "[No Variations]"
Add component (AddParameter): Name = "Temperature Range High"; Value = "+85°C"; VariantName = "[No Variations]"
Add component (AddParameter): Name = "Temperature Range Low"; Value = "-55°C"; VariantName = "[No Variations]"
Add component (AddParameter): Name = "Tolerance"; Value = "10%"; VariantName = "[No Variations]"
Add component (AddParameter): Name = "Value"; Value = "10uF"; VariantName = "[No Variations]"
Add component (AddParameter): Name = "Voltage"; Value = "10V"; VariantName = "[No Variations]"
Add component (AddParameter): Name = "Voltage Rating"; Value = "10V"; VariantName = "[No Variations]"
Added Component: Designator=C29(FP-GRM15-MFG)
Add component (AddParameter): Name = "Capacitance"; Value = "0.10µF"; VariantName = "[No Variations]"
Add component (AddParameter): Name = "Category"; Value = "Cap"; VariantName = "[No Variations]"
Add component (AddParameter): Name = "ComponentLink2Description"; Value = "Datasheet"; VariantName = "[No Variations]"
Add component (AddParameter): Name = "ComponentLink2URL"; Value = "https://search.murata.co.jp/Ceramy/image/img/A01X/G101/ENG/GRM155R71H471KA01-01A.pdf"; VariantName = "[No Variations]"
Add component (AddParameter): Name = "Device Class L1"; Value = "Passive Components"; VariantName = "[No Variations]"
Add component (AddParameter): Name = "Device Class L2"; Value = "Capacitors"; VariantName = "[No Variations]"
Add component (AddParameter): Name = "Device Class L3"; Value = "Ceramic Capacitors"; VariantName = "[No Variations]"
Add component (AddParameter): Name = "Digikey Description"; Value = "CAP CER 0.1UF 16V X7R 0402"; VariantName = "[No Variations]"
Add component (AddParameter): Name = "Height"; Value = "0.55mm"; VariantName = "[No Variations]"
Add component (AddParameter): Name = "Ipc Land Pattern Name"; Value = "CAPC10050X219"; VariantName = "[No Variations]"
Add component (AddParameter): Name = "Lead Free"; Value = "yes"; VariantName = "[No Variations]"
Add component (AddParameter): Name = "Manufacturer"; Value = "Murata"; VariantName = "[No Variations]"
Add component (AddParameter): Name = "Manufacturer Part Number"; Value = "GRM155R71C104KA88D"; VariantName = "[No Variations]"
Add component (AddParameter): Name = "Material"; Value = "Ceramic"; VariantName = "[No Variations]"
Add component (AddParameter): Name = "Mouser Description"; Value = "0402 0.1 uF 16V ±10 % Tolerance X7R SMT Multilayer Ceramic Capacitor"; VariantName = "[No Variations]"
Add component (AddParameter): Name = "Octopart"; Value = "https://octopart.com/grm155r71c104ka88d-murata-196880"; VariantName = "[No Variations]"
Add component (AddParameter): Name = "Package"; Value = "GRM15"; VariantName = "[No Variations]"
Add component (AddParameter): Name = "RoHS"; Value = "TRUE"; VariantName = "[No Variations]"
Add component (AddParameter): Name = "Standoff Height"; Value = "0mm"; VariantName = "[No Variations]"
Add component (AddParameter): Name = "Temperature"; Value = "-55°C to +125°C"; VariantName = "[No Variations]"
Add component (AddParameter): Name = "Temperature Characteristic"; Value = "X7R"; VariantName = "[No Variations]"
Add component (AddParameter): Name = "Temperature Range High"; Value = "+125°C"; VariantName = "[No Variations]"
Add component (AddParameter): Name = "Temperature Range Low"; Value = "-55°C"; VariantName = "[No Variations]"
Add component (AddParameter): Name = "Tolerance"; Value = "10%"; VariantName = "[No Variations]"
Add component (AddParameter): Name = "Value"; Value = "0.10µF"; VariantName = "[No Variations]"
Add component (AddParameter): Name = "Voltage Rating"; Value = "16Vdc"; VariantName = "[No Variations]"
Added Component: Designator=C30(FP-C0805C-DG-MFG)
Add component (AddParameter): Name = "3DS Part Number"; Value = "220-00001"; VariantName = "[No Variations]"
Add component (AddParameter): Name = "Automotive"; Value = "No"; VariantName = "[No Variations]"
Add component (AddParameter): Name = "Capacitance"; Value = "10uF"; VariantName = "[No Variations]"
Add component (AddParameter): Name = "Category"; Value = "Cap"; VariantName = "[No Variations]"
Add component (AddParameter): Name = "ComponentLink2Description"; Value = "Datasheet"; VariantName = "[No Variations]"
Add component (AddParameter): Name = "ComponentLink2URL"; Value = "https://content.kemet.com/datasheets/KEM_C1006_X5R_SMD.pdf"; VariantName = "[No Variations]"
Add component (AddParameter): Name = "Device Class L1"; Value = "Passive Components"; VariantName = "[No Variations]"
Add component (AddParameter): Name = "Device Class L2"; Value = "Capacitors"; VariantName = "[No Variations]"
Add component (AddParameter): Name = "Device Class L3"; Value = "Ceramic Capacitors"; VariantName = "[No Variations]"
Add component (AddParameter): Name = "Digikey Description"; Value = "CAP CER 10UF 10V X5R 0805"; VariantName = "[No Variations]"
Add component (AddParameter): Name = "Height"; Value = "1.4mm"; VariantName = "[No Variations]"
Add component (AddParameter): Name = "Ipc Land Pattern Name"; Value = "CAPC200125X125"; VariantName = "[No Variations]"
Add component (AddParameter): Name = "Lead Free"; Value = "Yes"; VariantName = "[No Variations]"
Add component (AddParameter): Name = "Manufacturer"; Value = "Kemet"; VariantName = "[No Variations]"
Add component (AddParameter): Name = "Manufacturer Part Number"; Value = "C0805C106K8PACTU"; VariantName = "[No Variations]"
Add component (AddParameter): Name = "Material"; Value = "Ceramic"; VariantName = "[No Variations]"
Add component (AddParameter): Name = "Mouser Description"; Value = "CAP CER 10UF 10V X5R 0805"; VariantName = "[No Variations]"
Add component (AddParameter): Name = "Octopart"; Value = "https://octopart.com/c0805c106k8pactu-kemet-98697"; VariantName = "[No Variations]"
Add component (AddParameter): Name = "Package"; Value = "C0805C-DG"; VariantName = "[No Variations]"
Add component (AddParameter): Name = "RoHS"; Value = "TRUE"; VariantName = "[No Variations]"
Add component (AddParameter): Name = "Temperature"; Value = "-55°C to +85°C"; VariantName = "[No Variations]"
Add component (AddParameter): Name = "Temperature Characteristic"; Value = "X5R"; VariantName = "[No Variations]"
Add component (AddParameter): Name = "Temperature Coefficient"; Value = "15%"; VariantName = "[No Variations]"
Add component (AddParameter): Name = "Temperature Range High"; Value = "+85°C"; VariantName = "[No Variations]"
Add component (AddParameter): Name = "Temperature Range Low"; Value = "-55°C"; VariantName = "[No Variations]"
Add component (AddParameter): Name = "Tolerance"; Value = "10%"; VariantName = "[No Variations]"
Add component (AddParameter): Name = "Value"; Value = "10uF"; VariantName = "[No Variations]"
Add component (AddParameter): Name = "Voltage"; Value = "10V"; VariantName = "[No Variations]"
Add component (AddParameter): Name = "Voltage Rating"; Value = "10V"; VariantName = "[No Variations]"
Added Component: Designator=C31(CAPC1608X87X35LL15T15)
Add component (AddParameter): Name = "Manufacturer"; Value = "Kemet"; VariantName = "[No Variations]"
Add component (AddParameter): Name = "Part Number"; Value = "C0603C105K3RACTU"; VariantName = "[No Variations]"
Added Component: Designator=C32(FP-CC0603-DA-MFG)
Add component (AddParameter): Name = "Automotive"; Value = "No"; VariantName = "[No Variations]"
Add component (AddParameter): Name = "Capacitance"; Value = "100 nF"; VariantName = "[No Variations]"
Add component (AddParameter): Name = "Category"; Value = "Cap"; VariantName = "[No Variations]"
Add component (AddParameter): Name = "ComponentLink2Description"; Value = "Datasheet"; VariantName = "[No Variations]"
Add component (AddParameter): Name = "ComponentLink2URL"; Value = "http://www.yageo.com/documents/recent/UPY-GPHC_X7R_6.3V-to-50V_18.pdf"; VariantName = "[No Variations]"
Add component (AddParameter): Name = "Device Class L1"; Value = "Passive Components"; VariantName = "[No Variations]"
Add component (AddParameter): Name = "Device Class L2"; Value = "Capacitors"; VariantName = "[No Variations]"
Add component (AddParameter): Name = "Device Class L3"; Value = "Ceramic Capacitors"; VariantName = "[No Variations]"
Add component (AddParameter): Name = "Digikey Description"; Value = "CAP CER 0.1UF 16V X7R 0603"; VariantName = "[No Variations]"
Add component (AddParameter): Name = "Footprint Url"; Value = "http://www.yageo.com/exep/pages/download/literatures/UPY-C_GEN_24.pdf"; VariantName = "[No Variations]"
Add component (AddParameter): Name = "Height"; Value = "0.9mm"; VariantName = "[No Variations]"
Add component (AddParameter): Name = "Lead Free"; Value = "Yes"; VariantName = "[No Variations]"
Add component (AddParameter): Name = "Manufacturer"; Value = "YAGEO"; VariantName = "[No Variations]"
Add component (AddParameter): Name = "Manufacturer Part Number"; Value = "CC0603KRX7R7BB104"; VariantName = "[No Variations]"
Add component (AddParameter): Name = "Material"; Value = "Ceramic"; VariantName = "[No Variations]"
Add component (AddParameter): Name = "Mouser Description"; Value = "Multilayer Ceramic Capacitor, CC Series, 0.1 - F, - 10%, X7R, 16 V, 0603 [1608 Metric]"; VariantName = "[No Variations]"
Add component (AddParameter): Name = "Octopart"; Value = "https://octopart.com/cc0603krx7r7bb104-yageo-192941"; VariantName = "[No Variations]"
Add component (AddParameter): Name = "Package"; Value = "CC0603-DA"; VariantName = "[No Variations]"
Add component (AddParameter): Name = "RoHS"; Value = "TRUE"; VariantName = "[No Variations]"
Add component (AddParameter): Name = "Temperature"; Value = "-55°C to +125°C"; VariantName = "[No Variations]"
Add component (AddParameter): Name = "Temperature Characteristic"; Value = "X7R"; VariantName = "[No Variations]"
Add component (AddParameter): Name = "Temperature Coefficient"; Value = "15%"; VariantName = "[No Variations]"
Add component (AddParameter): Name = "Temperature Range High"; Value = "+125°C"; VariantName = "[No Variations]"
Add component (AddParameter): Name = "Temperature Range Low"; Value = "-55°C"; VariantName = "[No Variations]"
Add component (AddParameter): Name = "Tolerance"; Value = "0.1"; VariantName = "[No Variations]"
Add component (AddParameter): Name = "Value"; Value = "100 nF"; VariantName = "[No Variations]"
Add component (AddParameter): Name = "Voltage"; Value = "16 V"; VariantName = "[No Variations]"
Add component (AddParameter): Name = "Voltage Rating"; Value = "16 V"; VariantName = "[No Variations]"
Added Pin To Net: NetName=3V3_REG Pin=*-6
Added Pin To Net: NetName=I2C_SCLK Pin=*-7
Added Pin To Net: NetName=I2C_SDIO Pin=*-8
Added Pin To Net: NetName=GND Pin=*-13
Added Pin To Net: NetName=ROUT_RAD_2 Pin=*-15
Added Pin To Net: NetName=GND Pin=*-16
Added Pin To Net: NetName=LOUT_RAD_2 Pin=*-17
Added Pin To Net: NetName=GND Pin=*-18
Added Pin To Net: NetName=GND Pin=*-19
Added Pin To Net: NetName=GND Pin=*-22
Added Pin To Net: NetName=3V3_REG Pin=*-23
Added Pin To Net: NetName=GND Pin=*-25
Added Pin To Net: NetName=GND Pin=*-25
Added Pin To Net: NetName=GND Pin=*-25
Added Pin To Net: NetName=GND Pin=*-25
Added Pin To Net: NetName=GND Pin=*-25
Added Pin To Net: NetName=GND Pin=C7-1
Added Pin To Net: NetName=GND Pin=C26-1
Added Pin To Net: NetName=GND Pin=C27-1
Added Pin To Net: NetName=3V3_REG Pin=C27-2
Added Pin To Net: NetName=3V3_REG Pin=C28-1
Added Pin To Net: NetName=GND Pin=C28-2
Added Pin To Net: NetName=GND Pin=C29-1
Added Pin To Net: NetName=3V3_REG Pin=C29-2
Added Pin To Net: NetName=3V3_REG Pin=C30-1
Added Pin To Net: NetName=GND Pin=C30-2
Added Pin To Net: NetName=GND Pin=C31-2
Added Pin To Net: NetName=GND Pin=C32-2
Added Pin To Net: NetName=AMP_MUTE Pin=Q1-2
Added Pin To Net: NetName=GND Pin=Q1-3
Added Pin To Net: NetName=GND Pin=R2-1
Added Pin To Net: NetName=NetC9_2 Pin=R2-2
Added Pin To Net: NetName=3V3_REG Pin=R3-2
Added Pin To Net: NetName=GND Pin=R5-1
Added Pin To Net: NetName=NetC11_2 Pin=R5-2
Added Pin To Net: NetName=3V3_REG Pin=R6-1
Added Pin To Net: NetName=AMP_MUTE Pin=R6-2
Added Pin To Net: NetName=AMP_MUTE Pin=U2-5
Added Pin To Net: NetName=AMP_SHDN Pin=U2-12
Added Pin To Net: NetName=AMP_SHDN Pin=U5-9
Added Pin To Net: NetName=BCLK Pin=*-2
Added Pin To Net: NetName=BCLK Pin=U7-24
Added Net: Name=BCLK
Added Pin To Net: NetName=DAC_GPIO1 Pin=*-9
Added Pin To Net: NetName=DAC_GPIO1 Pin=U7-25
Added Net: Name=DAC_GPIO1
Added Pin To Net: NetName=DIN Pin=*-5
Added Pin To Net: NetName=DIN Pin=U7-21
Added Net: Name=DIN
Added Pin To Net: NetName=DOUT_2 Pin=*-4
Added Net: Name=DOUT_2
Added Pin To Net: NetName=FSYNC Pin=*-3
Added Pin To Net: NetName=FSYNC Pin=U7-22
Added Net: Name=FSYNC
Added Pin To Net: NetName=HP_IN_2 Pin=J3-2
Added Pin To Net: NetName=HP_IN_2 Pin=J3-4
Added Pin To Net: NetName=HP_IN_2 Pin=Q1-1
Added Pin To Net: NetName=HP_IN_2 Pin=R3-1
Added Net: Name=HP_IN_2
Added Pin To Net: NetName=LOUT_DAC_2 Pin=*-21
Added Pin To Net: NetName=LOUT_DAC_2 Pin=C11-1
Added Net: Name=LOUT_DAC_2
Added Pin To Net: NetName=Net*_1 Pin=*-1
Added Pin To Net: NetName=Net*_1 Pin=C7-2
Added Pin To Net: NetName=Net*_1 Pin=C8-1
Added Net: Name=Net*_1
Added Pin To Net: NetName=Net*_14 Pin=*-14
Added Pin To Net: NetName=Net*_14 Pin=C26-2
Added Net: Name=Net*_14
Added Pin To Net: NetName=Net*_24 Pin=*-24
Added Pin To Net: NetName=Net*_24 Pin=C31-1
Added Net: Name=Net*_24
Added Pin To Net: NetName=NetC32_1 Pin=C32-1
Added Pin To Net: NetName=NetC32_1 Pin=J4-20
Added Pin To Net: NetName=NetC32_1 Pin=Q9-2
Added Net: Name=NetC32_1
Added Pin To Net: NetName=ROUT_DAC_2 Pin=*-20
Added Pin To Net: NetName=ROUT_DAC_2 Pin=C9-1
Added Net: Name=ROUT_DAC_2
Added Member To Class: ClassName=Audio Member=Component * TAD5112IRGER
Added Member To Class: ClassName=Audio Member=Component C26 C0603C105K3RACTU
Added Member To Class: ClassName=Audio Member=Component C27 GRM155R71C104KA88D
Added Member To Class: ClassName=Audio Member=Component C28 C0805C106K8PACTU
Added Member To Class: ClassName=Audio Member=Component C29 GRM155R71C104KA88D
Added Member To Class: ClassName=Audio Member=Component C30 C0805C106K8PACTU
Added Member To Class: ClassName=Audio Member=Component C31 C0603C105K3RACTU
Added Member To Class: ClassName=IO Member=Component C32 CC0603KRX7R7BB104
Added Member To Class: ClassName=POWER Member=Wire NetC32_1
