Removed Pin From Net: NetName=TS_LED Pin=R33-1
Removed Pin From Net: NetName=NetJ4_20 Pin=R33-2
Added Component: Designator=Q9(FP-PG-SOT23-3-MFG)
Add component (AddParameter): Name = "Case/Package"; Value = "SOT-23"; VariantName = "[No Variations]"
Add component (AddParameter): Name = "Continuous Drain Current (ID)"; Value = "300mA"; VariantName = "[No Variations]"
Add component (AddParameter): Name = "Drain to Source Voltage (Vdss)"; Value = "60V"; VariantName = "[No Variations]"
Add component (AddParameter): Name = "Gate to Source Voltage (Vgs)"; Value = "20V"; VariantName = "[No Variations]"
Add component (AddParameter): Name = "Halogen Free"; Value = "Halogen Free"; VariantName = "[No Variations]"
Add component (AddParameter): Name = "Input Capacitance"; Value = "20pF"; VariantName = "[No Variations]"
Add component (AddParameter): Name = "Lead Free"; Value = "Lead Free"; VariantName = "[No Variations]"
Add component (AddParameter): Name = "Max Dual Supply Voltage"; Value = "60V"; VariantName = "[No Variations]"
Add component (AddParameter): Name = "Max Operating Temperature"; Value = "150°C"; VariantName = "[No Variations]"
Add component (AddParameter): Name = "Max Power Dissipation"; Value = "500mW"; VariantName = "[No Variations]"
Add component (AddParameter): Name = "Min Operating Temperature"; Value = "-55°C"; VariantName = "[No Variations]"
Add component (AddParameter): Name = "Mount"; Value = "Surface Mount"; VariantName = "[No Variations]"
Add component (AddParameter): Name = "Number of Pins"; Value = "3"; VariantName = "[No Variations]"
Add component (AddParameter): Name = "Packaging"; Value = "Tape and Reel"; VariantName = "[No Variations]"
Add component (AddParameter): Name = "Rds On Max"; Value = "3R"; VariantName = "[No Variations]"
Add component (AddParameter): Name = "Rise Time"; Value = "3.3ns"; VariantName = "[No Variations]"
Add Pin To Net: Unknown Pin: Pin *1-1
Add Pin To Net: Unknown Pin: Pin *1-2
Add Pin To Net: Unknown Pin: Pin *1-3
Add Pin To Net: Unknown Pin: Pin *1-4
Add Pin To Net: Unknown Pin: Pin *1-5
Add Pin To Net: Unknown Pin: Pin *1-6
Add Pin To Net: Unknown Pin: Pin *1-8
Add Pin To Net: Unknown Pin: Pin *1-9
Add Pin To Net: Unknown Pin: Pin *1-10
Add Pin To Net: Unknown Pin: Pin *1-11
Add Pin To Net: Unknown Pin: Pin *1-13
Add Pin To Net: Unknown Pin: Pin *1-14
Add Pin To Net: Unknown Pin: Pin *1-15
Add Pin To Net: Unknown Pin: Pin *1-16
Add Pin To Net: Unknown Pin: Pin *1-17
Add Pin To Net: Unknown Pin: Pin *1-18
Add Pin To Net: Unknown Pin: Pin *1-19
Add Pin To Net: Unknown Pin: Pin *1-20
Add Pin To Net: Unknown Pin: Pin *1-21
Add Pin To Net: Unknown Pin: Pin *1-22
Add Pin To Net: Unknown Pin: Pin *1-23
Add Pin To Net: Unknown Pin: Pin *1-24
Add Pin To Net: Unknown Pin: Pin *1-25
Add Pin To Net: Unknown Pin: Pin *1-26
Add Pin To Net: Unknown Pin: Pin *1-27
Add Pin To Net: Unknown Pin: Pin *1-28
Add Pin To Net: Unknown Pin: Pin *1-29
Add Pin To Net: Unknown Pin: Pin *1-31
Add Pin To Net: Unknown Pin: Pin *1-33
Add Pin To Net: Unknown Pin: Pin *1-34
Add Pin To Net: Unknown Pin: Pin *1-36
Add Pin To Net: Unknown Pin: Pin *1-38
Add Pin To Net: Unknown Pin: Pin *1-39
Add Pin To Net: Unknown Pin: Pin *1-40
Added Pin To Net: NetName=TS_LED Pin=Q9-1
Added Pin To Net: NetName=NetJ4_20 Pin=Q9-2
Added Pin To Net: NetName=3V3_REG Pin=Q9-3
Add Class Member: Failed to add class member : Component *1 RPi_Pico_SM
Added Member To Class: ClassName=IO Member=Component Q9 2N7002H6327XTSA2
