Removed Pin From Net: NetName=TS_LED Pin=R33-1
Removed Pin From Net: NetName=NetJ4_20 Pin=R33-2
Added Component: Designator=*1(RPi_Pico_TH - modcourt)
Add component (AddParameter): Name = "ki_description"; Value = "Raspberry Pi Pico"; VariantName = "[No Variations]"
Add component (AddParameter): Name = "ki_keywords"; Value = "Raspberry Pi Pico"; VariantName = "[No Variations]"
Add component (AddParameter): Name = "Supplier"; Value = ""; VariantName = "[No Variations]"
Add component (AddParameter): Name = "Value"; Value = "RPi_Pico_SM"; VariantName = "[No Variations]"
Added Component: Designator=Q9(FP-PG-SOT23-3-MFG)
Add component (AddParameter): Name = "Case/Package"; Value = "SOT-23"; VariantName = "[No Variations]"
Add component (AddParameter): Name = "Continuous Drain Current (ID)"; Value = "300mA"; VariantName = "[No Variations]"
Add component (AddParameter): Name = "Drain to Source Voltage (Vdss)"; Value = "60V"; VariantName = "[No Variations]"
Add component (AddParameter): Name = "Gate to Source Voltage (Vgs)"; Value = "20V"; VariantName = "[No Variations]"
Add component (AddParameter): Name = "Halogen Free"; Value = "Halogen Free"; VariantName = "[No Variations]"
Add component (AddParameter): Name = "Input Capacitance"; Value = "20pF"; VariantName = "[No Variations]"
Add component (AddParameter): Name = "Lead Free"; Value = "Lead Free"; VariantName = "[No Variations]"
Add component (AddParameter): Name = "Max Dual Supply Voltage"; Value = "60V"; VariantName = "[No Variations]"
Add component (AddParameter): Name = "Max Operating Temperature"; Value = "150°C"; VariantName = "[No Variations]"
Add component (AddParameter): Name = "Max Power Dissipation"; Value = "500mW"; VariantName = "[No Variations]"
Add component (AddParameter): Name = "Min Operating Temperature"; Value = "-55°C"; VariantName = "[No Variations]"
Add component (AddParameter): Name = "Mount"; Value = "Surface Mount"; VariantName = "[No Variations]"
Add component (AddParameter): Name = "Number of Pins"; Value = "3"; VariantName = "[No Variations]"
Add component (AddParameter): Name = "Packaging"; Value = "Tape and Reel"; VariantName = "[No Variations]"
Add component (AddParameter): Name = "Rds On Max"; Value = "3R"; VariantName = "[No Variations]"
Add component (AddParameter): Name = "Rise Time"; Value = "3.3ns"; VariantName = "[No Variations]"
Added Pin To Net: NetName=TS_LED Pin=*1-1
Added Pin To Net: NetName=TS_DC Pin=*1-2
Added Pin To Net: NetName=GND Pin=*1-3
Added Pin To Net: NetName=SCLK Pin=*1-4
Added Pin To Net: NetName=MOSI Pin=*1-5
Added Pin To Net: NetName=MISO Pin=*1-6
Added Pin To Net: NetName=GND Pin=*1-8
Added Pin To Net: NetName=ENC_A Pin=*1-9
Added Pin To Net: NetName=ENC_B Pin=*1-10
Added Pin To Net: NetName=ENC_BTN Pin=*1-11
Added Pin To Net: NetName=GND Pin=*1-13
Added Pin To Net: NetName=L_PWM Pin=*1-14
Added Pin To Net: NetName=R_PWM Pin=*1-15
Added Pin To Net: NetName=VOL_PWM Pin=*1-16
Added Pin To Net: NetName=SENB Pin=*1-17
Added Pin To Net: NetName=GND Pin=*1-18
Added Pin To Net: NetName=SCLK Pin=*1-19
Added Pin To Net: NetName=SDIO Pin=*1-20
Added Pin To Net: NetName=AMP_SHDN Pin=*1-21
Added Pin To Net: NetName=AMP_MUTE Pin=*1-22
Added Pin To Net: NetName=GND Pin=*1-23
Added Pin To Net: NetName=RADIO_EN Pin=*1-24
Added Pin To Net: NetName=RADIO_RES Pin=*1-25
Added Pin To Net: NetName=ADC_MUX_2_5 Pin=*1-26
Added Pin To Net: NetName=ADC_MUX_1_5 Pin=*1-27
Added Pin To Net: NetName=GND Pin=*1-28
Added Pin To Net: NetName=ADC_MUX_0_5 Pin=*1-29
Added Pin To Net: NetName=Net*1_31 Pin=*1-31
Added Pin To Net: NetName=GND Pin=*1-33
Added Pin To Net: NetName=VSENSE Pin=*1-34
Added Pin To Net: NetName=3V3_REG Pin=*1-36
Added Pin To Net: NetName=GND Pin=*1-38
Added Pin To Net: NetName=5V_OUT Pin=*1-39
Added Pin To Net: NetName=Net*1_40 Pin=*1-40
Added Pin To Net: NetName=TS_LED Pin=Q9-1
Added Pin To Net: NetName=NetJ4_20 Pin=Q9-2
Added Pin To Net: NetName=3V3_REG Pin=Q9-3
Added Member To Class: ClassName=PiPico Member=Component *1 RPi_Pico_SM
Added Member To Class: ClassName=IO Member=Component Q9 2N7002H6327XTSA2
